<?xml version="1.0" encoding="UTF-8"?>
<Site BuildName="Win32-mingw32-make"
	BuildStamp="20231109-0731-Experimental"
	Name="LAPTOP-8TE8D5FR"
	Generator="ctest-3.27.1"
	CompilerName="C:/mingw64/bin/g++.exe"
	CompilerVersion=""
	OSName="Windows"
	Hostname="LAPTOP-8TE8D5FR"
	OSRelease=" Personal"
	OSVersion=" (Build 9200)"
	OSPlatform="AMD64"
	Is64Bits="1"
	VendorString=""
	VendorID="Unknown Manufacturer"
	FamilyID="0"
	ModelID="0"
	ProcessorCacheSize="0"
	NumberOfLogicalCPU="4"
	NumberOfPhysicalCPU="2"
	TotalVirtualMemory="10499"
	TotalPhysicalMemory="8067"
	LogicalProcessorsPerPhysical="2"
	ProcessorClockFrequency="2496"
	>
	<Testing>
		<StartDateTime>Nov 09 09:56 Paris, Madrid</StartDateTime>
		<StartTestTime>1699520177</StartTestTime>
		<TestList/>
		<EndDateTime>Nov 09 09:56 Paris, Madrid</EndDateTime>
		<EndTestTime>1699520177</EndTestTime>
		<ElapsedMinutes>0</ElapsedMinutes>
	</Testing>
</Site>
